1:C 23 Nov 2018 06:42:30.000 # oO0OoO0OoO0Oo Redis is starting oO0OoO0OoO0Oo
1:C 23 Nov 2018 06:42:30.000 # Redis version=5.0.1, bits=64, commit=00000000, modified=0, pid=1, just started
1:C 23 Nov 2018 06:42:30.000 # Configuration loaded
1:M 23 Nov 2018 06:42:30.001 # Can't open the append-only file: Permission denied
1:C 23 Nov 2018 06:42:30.890 # oO0OoO0OoO0Oo Redis is starting oO0OoO0OoO0Oo
1:C 23 Nov 2018 06:42:30.890 # Redis version=5.0.1, bits=64, commit=00000000, modified=0, pid=1, just started
1:C 23 Nov 2018 06:42:30.890 # Configuration loaded
1:M 23 Nov 2018 06:42:30.892 # Can't open the append-only file: Permission denied
1:C 23 Nov 2018 06:42:31.525 # oO0OoO0OoO0Oo Redis is starting oO0OoO0OoO0Oo
1:C 23 Nov 2018 06:42:31.525 # Redis version=5.0.1, bits=64, commit=00000000, modified=0, pid=1, just started
1:C 23 Nov 2018 06:42:31.525 # Configuration loaded
1:M 23 Nov 2018 06:42:31.526 # Can't open the append-only file: Permission denied
1:C 23 Nov 2018 06:42:32.357 # oO0OoO0OoO0Oo Redis is starting oO0OoO0OoO0Oo
1:C 23 Nov 2018 06:42:32.357 # Redis version=5.0.1, bits=64, commit=00000000, modified=0, pid=1, just started
1:C 23 Nov 2018 06:42:32.357 # Configuration loaded
1:M 23 Nov 2018 06:42:32.358 # Can't open the append-only file: Permission denied
1:C 23 Nov 2018 06:42:33.563 # oO0OoO0OoO0Oo Redis is starting oO0OoO0OoO0Oo
1:C 23 Nov 2018 06:42:33.563 # Redis version=5.0.1, bits=64, commit=00000000, modified=0, pid=1, just started
1:C 23 Nov 2018 06:42:33.563 # Configuration loaded
1:M 23 Nov 2018 06:42:33.565 # Can't open the append-only file: Permission denied
1:C 23 Nov 2018 06:42:35.610 # oO0OoO0OoO0Oo Redis is starting oO0OoO0OoO0Oo
1:C 23 Nov 2018 06:42:35.610 # Redis version=5.0.1, bits=64, commit=00000000, modified=0, pid=1, just started
1:C 23 Nov 2018 06:42:35.610 # Configuration loaded
1:M 23 Nov 2018 06:42:35.612 # Can't open the append-only file: Permission denied
1:C 23 Nov 2018 06:42:39.234 # oO0OoO0OoO0Oo Redis is starting oO0OoO0OoO0Oo
1:C 23 Nov 2018 06:42:39.234 # Redis version=5.0.1, bits=64, commit=00000000, modified=0, pid=1, just started
1:C 23 Nov 2018 06:42:39.234 # Configuration loaded
1:M 23 Nov 2018 06:42:39.236 # Can't open the append-only file: Permission denied
1:C 23 Nov 2018 06:42:46.047 # oO0OoO0OoO0Oo Redis is starting oO0OoO0OoO0Oo
1:C 23 Nov 2018 06:42:46.047 # Redis version=5.0.1, bits=64, commit=00000000, modified=0, pid=1, just started
1:C 23 Nov 2018 06:42:46.047 # Configuration loaded
1:M 23 Nov 2018 06:42:46.049 # Can't open the append-only file: Permission denied
1:C 23 Nov 2018 06:42:59.279 # oO0OoO0OoO0Oo Redis is starting oO0OoO0OoO0Oo
1:C 23 Nov 2018 06:42:59.279 # Redis version=5.0.1, bits=64, commit=00000000, modified=0, pid=1, just started
1:C 23 Nov 2018 06:42:59.279 # Configuration loaded
1:M 23 Nov 2018 06:42:59.280 # Can't open the append-only file: Permission denied
1:C 23 Nov 2018 06:43:25.360 # oO0OoO0OoO0Oo Redis is starting oO0OoO0OoO0Oo
1:C 23 Nov 2018 06:43:25.360 # Redis version=5.0.1, bits=64, commit=00000000, modified=0, pid=1, just started
1:C 23 Nov 2018 06:43:25.360 # Configuration loaded
1:M 23 Nov 2018 06:43:25.361 # Can't open the append-only file: Permission denied
1:C 23 Nov 2018 06:43:51.379 # oO0OoO0OoO0Oo Redis is starting oO0OoO0OoO0Oo
1:C 23 Nov 2018 06:43:51.379 # Redis version=5.0.1, bits=64, commit=00000000, modified=0, pid=1, just started
1:C 23 Nov 2018 06:43:51.379 # Configuration loaded
1:M 23 Nov 2018 06:43:51.381 * Running mode=standalone, port=6379.
1:M 23 Nov 2018 06:43:51.381 # WARNING: The TCP backlog setting of 511 cannot be enforced because /proc/sys/net/core/somaxconn is set to the lower value of 128.
1:M 23 Nov 2018 06:43:51.381 # Server initialized
1:M 23 Nov 2018 06:43:51.381 # WARNING overcommit_memory is set to 0! Background save may fail under low memory condition. To fix this issue add 'vm.overcommit_memory = 1' to /etc/sysctl.conf and then reboot or run the command 'sysctl vm.overcommit_memory=1' for this to take effect.
1:M 23 Nov 2018 06:43:51.381 # WARNING you have Transparent Huge Pages (THP) support enabled in your kernel. This will create latency and memory usage issues with Redis. To fix this issue run the command 'echo never > /sys/kernel/mm/transparent_hugepage/enabled' as root, and add it to your /etc/rc.local in order to retain the setting after a reboot. Redis must be restarted after THP is disabled.
1:M 23 Nov 2018 06:43:51.381 * Ready to accept connections
1:signal-handler (1542955531) Received SIGTERM scheduling shutdown...
1:M 23 Nov 2018 06:45:31.472 # User requested shutdown...
1:M 23 Nov 2018 06:45:31.472 * Calling fsync() on the AOF file.
1:M 23 Nov 2018 06:45:31.472 * Removing the pid file.
1:M 23 Nov 2018 06:45:31.472 # Redis is now ready to exit, bye bye...
1:C 23 Nov 2018 06:45:41.855 # oO0OoO0OoO0Oo Redis is starting oO0OoO0OoO0Oo
1:C 23 Nov 2018 06:45:41.855 # Redis version=5.0.1, bits=64, commit=00000000, modified=0, pid=1, just started
1:C 23 Nov 2018 06:45:41.855 # Configuration loaded
1:M 23 Nov 2018 06:45:41.858 * Running mode=standalone, port=6379.
1:M 23 Nov 2018 06:45:41.859 # WARNING: The TCP backlog setting of 511 cannot be enforced because /proc/sys/net/core/somaxconn is set to the lower value of 128.
1:M 23 Nov 2018 06:45:41.859 # Server initialized
1:M 23 Nov 2018 06:45:41.859 # WARNING overcommit_memory is set to 0! Background save may fail under low memory condition. To fix this issue add 'vm.overcommit_memory = 1' to /etc/sysctl.conf and then reboot or run the command 'sysctl vm.overcommit_memory=1' for this to take effect.
1:M 23 Nov 2018 06:45:41.859 # WARNING you have Transparent Huge Pages (THP) support enabled in your kernel. This will create latency and memory usage issues with Redis. To fix this issue run the command 'echo never > /sys/kernel/mm/transparent_hugepage/enabled' as root, and add it to your /etc/rc.local in order to retain the setting after a reboot. Redis must be restarted after THP is disabled.
1:M 23 Nov 2018 06:45:41.859 * DB loaded from append only file: 0.000 seconds
1:M 23 Nov 2018 06:45:41.859 * Ready to accept connections
1:signal-handler (1542955583) Received SIGTERM scheduling shutdown...
1:M 23 Nov 2018 06:46:23.487 # User requested shutdown...
1:M 23 Nov 2018 06:46:23.487 * Calling fsync() on the AOF file.
1:M 23 Nov 2018 06:46:23.487 * Removing the pid file.
1:M 23 Nov 2018 06:46:23.487 # Redis is now ready to exit, bye bye...
1:C 23 Nov 2018 06:46:53.036 # oO0OoO0OoO0Oo Redis is starting oO0OoO0OoO0Oo
1:C 23 Nov 2018 06:46:53.036 # Redis version=5.0.1, bits=64, commit=00000000, modified=0, pid=1, just started
1:C 23 Nov 2018 06:46:53.036 # Configuration loaded
1:M 23 Nov 2018 06:46:53.038 * Running mode=standalone, port=6379.
1:M 23 Nov 2018 06:46:53.038 # WARNING: The TCP backlog setting of 511 cannot be enforced because /proc/sys/net/core/somaxconn is set to the lower value of 128.
1:M 23 Nov 2018 06:46:53.038 # Server initialized
1:M 23 Nov 2018 06:46:53.038 # WARNING overcommit_memory is set to 0! Background save may fail under low memory condition. To fix this issue add 'vm.overcommit_memory = 1' to /etc/sysctl.conf and then reboot or run the command 'sysctl vm.overcommit_memory=1' for this to take effect.
1:M 23 Nov 2018 06:46:53.038 # WARNING you have Transparent Huge Pages (THP) support enabled in your kernel. This will create latency and memory usage issues with Redis. To fix this issue run the command 'echo never > /sys/kernel/mm/transparent_hugepage/enabled' as root, and add it to your /etc/rc.local in order to retain the setting after a reboot. Redis must be restarted after THP is disabled.
1:M 23 Nov 2018 06:46:53.038 * DB loaded from append only file: 0.000 seconds
1:M 23 Nov 2018 06:46:53.038 * Ready to accept connections
1:signal-handler (1542957300) Received SIGTERM scheduling shutdown...
1:M 23 Nov 2018 07:15:00.157 # User requested shutdown...
1:M 23 Nov 2018 07:15:00.157 * Calling fsync() on the AOF file.
1:M 23 Nov 2018 07:15:00.157 * Removing the pid file.
1:M 23 Nov 2018 07:15:00.157 # Redis is now ready to exit, bye bye...
1:C 23 Nov 2018 07:15:02.838 # oO0OoO0OoO0Oo Redis is starting oO0OoO0OoO0Oo
1:C 23 Nov 2018 07:15:02.838 # Redis version=5.0.1, bits=64, commit=00000000, modified=0, pid=1, just started
1:C 23 Nov 2018 07:15:02.838 # Configuration loaded
1:M 23 Nov 2018 07:15:02.842 * Running mode=standalone, port=6379.
1:M 23 Nov 2018 07:15:02.842 # WARNING: The TCP backlog setting of 511 cannot be enforced because /proc/sys/net/core/somaxconn is set to the lower value of 128.
1:M 23 Nov 2018 07:15:02.842 # Server initialized
1:M 23 Nov 2018 07:15:02.842 # WARNING overcommit_memory is set to 0! Background save may fail under low memory condition. To fix this issue add 'vm.overcommit_memory = 1' to /etc/sysctl.conf and then reboot or run the command 'sysctl vm.overcommit_memory=1' for this to take effect.
1:M 23 Nov 2018 07:15:02.842 # WARNING you have Transparent Huge Pages (THP) support enabled in your kernel. This will create latency and memory usage issues with Redis. To fix this issue run the command 'echo never > /sys/kernel/mm/transparent_hugepage/enabled' as root, and add it to your /etc/rc.local in order to retain the setting after a reboot. Redis must be restarted after THP is disabled.
1:M 23 Nov 2018 07:15:02.842 * DB loaded from append only file: 0.000 seconds
1:M 23 Nov 2018 07:15:02.842 * Ready to accept connections
1:signal-handler (1542957478) Received SIGTERM scheduling shutdown...
1:M 23 Nov 2018 07:17:58.155 # User requested shutdown...
1:M 23 Nov 2018 07:17:58.155 * Calling fsync() on the AOF file.
1:M 23 Nov 2018 07:17:58.155 * Removing the pid file.
1:M 23 Nov 2018 07:17:58.155 # Redis is now ready to exit, bye bye...
1:C 23 Nov 2018 07:18:08.872 # oO0OoO0OoO0Oo Redis is starting oO0OoO0OoO0Oo
1:C 23 Nov 2018 07:18:08.872 # Redis version=5.0.1, bits=64, commit=00000000, modified=0, pid=1, just started
1:C 23 Nov 2018 07:18:08.872 # Configuration loaded
1:M 23 Nov 2018 07:18:08.877 * Running mode=standalone, port=6379.
1:M 23 Nov 2018 07:18:08.877 # WARNING: The TCP backlog setting of 511 cannot be enforced because /proc/sys/net/core/somaxconn is set to the lower value of 128.
1:M 23 Nov 2018 07:18:08.877 # Server initialized
1:M 23 Nov 2018 07:18:08.877 # WARNING overcommit_memory is set to 0! Background save may fail under low memory condition. To fix this issue add 'vm.overcommit_memory = 1' to /etc/sysctl.conf and then reboot or run the command 'sysctl vm.overcommit_memory=1' for this to take effect.
1:M 23 Nov 2018 07:18:08.878 # WARNING you have Transparent Huge Pages (THP) support enabled in your kernel. This will create latency and memory usage issues with Redis. To fix this issue run the command 'echo never > /sys/kernel/mm/transparent_hugepage/enabled' as root, and add it to your /etc/rc.local in order to retain the setting after a reboot. Redis must be restarted after THP is disabled.
1:M 23 Nov 2018 07:18:08.878 * DB loaded from append only file: 0.000 seconds
1:M 23 Nov 2018 07:18:08.878 * Ready to accept connections
1:signal-handler (1542957647) Received SIGTERM scheduling shutdown...
1:M 23 Nov 2018 07:20:48.081 # User requested shutdown...
1:M 23 Nov 2018 07:20:48.081 * Calling fsync() on the AOF file.
1:M 23 Nov 2018 07:20:48.081 * Removing the pid file.
1:M 23 Nov 2018 07:20:48.081 # Redis is now ready to exit, bye bye...
1:C 23 Nov 2018 07:20:53.014 # oO0OoO0OoO0Oo Redis is starting oO0OoO0OoO0Oo
1:C 23 Nov 2018 07:20:53.014 # Redis version=5.0.1, bits=64, commit=00000000, modified=0, pid=1, just started
1:C 23 Nov 2018 07:20:53.014 # Configuration loaded
1:M 23 Nov 2018 07:20:53.017 * Running mode=standalone, port=6379.
1:M 23 Nov 2018 07:20:53.017 # WARNING: The TCP backlog setting of 511 cannot be enforced because /proc/sys/net/core/somaxconn is set to the lower value of 128.
1:M 23 Nov 2018 07:20:53.017 # Server initialized
1:M 23 Nov 2018 07:20:53.017 # WARNING overcommit_memory is set to 0! Background save may fail under low memory condition. To fix this issue add 'vm.overcommit_memory = 1' to /etc/sysctl.conf and then reboot or run the command 'sysctl vm.overcommit_memory=1' for this to take effect.
1:M 23 Nov 2018 07:20:53.017 # WARNING you have Transparent Huge Pages (THP) support enabled in your kernel. This will create latency and memory usage issues with Redis. To fix this issue run the command 'echo never > /sys/kernel/mm/transparent_hugepage/enabled' as root, and add it to your /etc/rc.local in order to retain the setting after a reboot. Redis must be restarted after THP is disabled.
1:M 23 Nov 2018 07:20:53.017 * DB loaded from append only file: 0.000 seconds
1:M 23 Nov 2018 07:20:53.017 * Ready to accept connections
1:signal-handler (1542957672) Received SIGTERM scheduling shutdown...
1:M 23 Nov 2018 07:21:12.838 # User requested shutdown...
1:M 23 Nov 2018 07:21:12.838 * Calling fsync() on the AOF file.
1:M 23 Nov 2018 07:21:12.838 * Removing the pid file.
1:M 23 Nov 2018 07:21:12.838 # Redis is now ready to exit, bye bye...
1:C 23 Nov 2018 07:22:12.238 # oO0OoO0OoO0Oo Redis is starting oO0OoO0OoO0Oo
1:C 23 Nov 2018 07:22:12.257 # Redis version=5.0.1, bits=64, commit=00000000, modified=0, pid=1, just started
1:C 23 Nov 2018 07:22:12.257 # Configuration loaded
1:M 23 Nov 2018 07:22:12.432 * Running mode=standalone, port=6379.
1:M 23 Nov 2018 07:22:12.432 # WARNING: The TCP backlog setting of 511 cannot be enforced because /proc/sys/net/core/somaxconn is set to the lower value of 128.
1:M 23 Nov 2018 07:22:12.432 # Server initialized
1:M 23 Nov 2018 07:22:12.432 # WARNING overcommit_memory is set to 0! Background save may fail under low memory condition. To fix this issue add 'vm.overcommit_memory = 1' to /etc/sysctl.conf and then reboot or run the command 'sysctl vm.overcommit_memory=1' for this to take effect.
1:M 23 Nov 2018 07:22:12.432 # WARNING you have Transparent Huge Pages (THP) support enabled in your kernel. This will create latency and memory usage issues with Redis. To fix this issue run the command 'echo never > /sys/kernel/mm/transparent_hugepage/enabled' as root, and add it to your /etc/rc.local in order to retain the setting after a reboot. Redis must be restarted after THP is disabled.
1:M 23 Nov 2018 07:22:12.432 * DB loaded from append only file: 0.000 seconds
1:M 23 Nov 2018 07:22:12.432 * Ready to accept connections
1:signal-handler (1542957756) Received SIGTERM scheduling shutdown...
1:M 23 Nov 2018 07:22:36.579 # User requested shutdown...
1:M 23 Nov 2018 07:22:36.579 * Calling fsync() on the AOF file.
1:M 23 Nov 2018 07:22:36.580 * Removing the pid file.
1:M 23 Nov 2018 07:22:36.580 # Redis is now ready to exit, bye bye...
1:C 23 Nov 2018 07:23:32.572 # oO0OoO0OoO0Oo Redis is starting oO0OoO0OoO0Oo
1:C 23 Nov 2018 07:23:32.572 # Redis version=5.0.1, bits=64, commit=00000000, modified=0, pid=1, just started
1:C 23 Nov 2018 07:23:32.572 # Configuration loaded
1:M 23 Nov 2018 07:23:32.574 * Running mode=standalone, port=6379.
1:M 23 Nov 2018 07:23:32.574 # WARNING: The TCP backlog setting of 511 cannot be enforced because /proc/sys/net/core/somaxconn is set to the lower value of 128.
1:M 23 Nov 2018 07:23:32.574 # Server initialized
1:M 23 Nov 2018 07:23:32.574 # WARNING overcommit_memory is set to 0! Background save may fail under low memory condition. To fix this issue add 'vm.overcommit_memory = 1' to /etc/sysctl.conf and then reboot or run the command 'sysctl vm.overcommit_memory=1' for this to take effect.
1:M 23 Nov 2018 07:23:32.574 # WARNING you have Transparent Huge Pages (THP) support enabled in your kernel. This will create latency and memory usage issues with Redis. To fix this issue run the command 'echo never > /sys/kernel/mm/transparent_hugepage/enabled' as root, and add it to your /etc/rc.local in order to retain the setting after a reboot. Redis must be restarted after THP is disabled.
1:M 23 Nov 2018 07:23:32.574 * DB loaded from append only file: 0.000 seconds
1:M 23 Nov 2018 07:23:32.574 * Ready to accept connections
1:signal-handler (1542959688) Received SIGTERM scheduling shutdown...
1:M 23 Nov 2018 07:54:48.928 # User requested shutdown...
1:M 23 Nov 2018 07:54:48.928 * Calling fsync() on the AOF file.
1:M 23 Nov 2018 07:54:48.928 * Removing the pid file.
1:M 23 Nov 2018 07:54:48.928 # Redis is now ready to exit, bye bye...
1:C 23 Nov 2018 08:19:42.998 # oO0OoO0OoO0Oo Redis is starting oO0OoO0OoO0Oo
1:C 23 Nov 2018 08:19:42.998 # Redis version=5.0.1, bits=64, commit=00000000, modified=0, pid=1, just started
1:C 23 Nov 2018 08:19:42.998 # Configuration loaded
1:M 23 Nov 2018 08:19:43.001 * Running mode=standalone, port=6379.
1:M 23 Nov 2018 08:19:43.001 # WARNING: The TCP backlog setting of 511 cannot be enforced because /proc/sys/net/core/somaxconn is set to the lower value of 128.
1:M 23 Nov 2018 08:19:43.001 # Server initialized
1:M 23 Nov 2018 08:19:43.001 # WARNING overcommit_memory is set to 0! Background save may fail under low memory condition. To fix this issue add 'vm.overcommit_memory = 1' to /etc/sysctl.conf and then reboot or run the command 'sysctl vm.overcommit_memory=1' for this to take effect.
1:M 23 Nov 2018 08:19:43.001 # WARNING you have Transparent Huge Pages (THP) support enabled in your kernel. This will create latency and memory usage issues with Redis. To fix this issue run the command 'echo never > /sys/kernel/mm/transparent_hugepage/enabled' as root, and add it to your /etc/rc.local in order to retain the setting after a reboot. Redis must be restarted after THP is disabled.
1:M 23 Nov 2018 08:19:43.001 * DB loaded from append only file: 0.000 seconds
1:M 23 Nov 2018 08:19:43.001 * Ready to accept connections
1:signal-handler (1542964031) Received SIGTERM scheduling shutdown...
1:M 23 Nov 2018 09:07:11.290 # User requested shutdown...
1:M 23 Nov 2018 09:07:11.290 * Calling fsync() on the AOF file.
1:M 23 Nov 2018 09:07:11.290 * Removing the pid file.
1:M 23 Nov 2018 09:07:11.290 # Redis is now ready to exit, bye bye...
1:C 23 Nov 2018 09:07:13.903 # oO0OoO0OoO0Oo Redis is starting oO0OoO0OoO0Oo
1:C 23 Nov 2018 09:07:13.903 # Redis version=5.0.1, bits=64, commit=00000000, modified=0, pid=1, just started
1:C 23 Nov 2018 09:07:13.903 # Configuration loaded
1:M 23 Nov 2018 09:07:13.912 * Running mode=standalone, port=6379.
1:M 23 Nov 2018 09:07:13.922 # WARNING: The TCP backlog setting of 511 cannot be enforced because /proc/sys/net/core/somaxconn is set to the lower value of 128.
1:M 23 Nov 2018 09:07:13.922 # Server initialized
1:M 23 Nov 2018 09:07:13.922 # WARNING overcommit_memory is set to 0! Background save may fail under low memory condition. To fix this issue add 'vm.overcommit_memory = 1' to /etc/sysctl.conf and then reboot or run the command 'sysctl vm.overcommit_memory=1' for this to take effect.
1:M 23 Nov 2018 09:07:13.922 # WARNING you have Transparent Huge Pages (THP) support enabled in your kernel. This will create latency and memory usage issues with Redis. To fix this issue run the command 'echo never > /sys/kernel/mm/transparent_hugepage/enabled' as root, and add it to your /etc/rc.local in order to retain the setting after a reboot. Redis must be restarted after THP is disabled.
1:M 23 Nov 2018 09:07:13.922 * DB loaded from append only file: 0.000 seconds
1:M 23 Nov 2018 09:07:13.922 * Ready to accept connections
1:signal-handler (1542966857) Received SIGTERM scheduling shutdown...
1:M 23 Nov 2018 09:54:17.402 # User requested shutdown...
1:M 23 Nov 2018 09:54:17.403 * Calling fsync() on the AOF file.
1:M 23 Nov 2018 09:54:17.403 * Removing the pid file.
1:M 23 Nov 2018 09:54:17.403 # Redis is now ready to exit, bye bye...
1:C 23 Nov 2018 10:20:04.797 # oO0OoO0OoO0Oo Redis is starting oO0OoO0OoO0Oo
1:C 23 Nov 2018 10:20:04.797 # Redis version=5.0.1, bits=64, commit=00000000, modified=0, pid=1, just started
1:C 23 Nov 2018 10:20:04.797 # Configuration loaded
1:M 23 Nov 2018 10:20:04.801 * Running mode=standalone, port=6379.
1:M 23 Nov 2018 10:20:04.801 # WARNING: The TCP backlog setting of 511 cannot be enforced because /proc/sys/net/core/somaxconn is set to the lower value of 128.
1:M 23 Nov 2018 10:20:04.801 # Server initialized
1:M 23 Nov 2018 10:20:04.801 # WARNING overcommit_memory is set to 0! Background save may fail under low memory condition. To fix this issue add 'vm.overcommit_memory = 1' to /etc/sysctl.conf and then reboot or run the command 'sysctl vm.overcommit_memory=1' for this to take effect.
1:M 23 Nov 2018 10:20:04.801 # WARNING you have Transparent Huge Pages (THP) support enabled in your kernel. This will create latency and memory usage issues with Redis. To fix this issue run the command 'echo never > /sys/kernel/mm/transparent_hugepage/enabled' as root, and add it to your /etc/rc.local in order to retain the setting after a reboot. Redis must be restarted after THP is disabled.
1:M 23 Nov 2018 10:20:04.801 * DB loaded from append only file: 0.000 seconds
1:M 23 Nov 2018 10:20:04.801 * Ready to accept connections
1:signal-handler (1543203197) Received SIGTERM scheduling shutdown...
1:M 26 Nov 2018 03:33:17.085 # User requested shutdown...
1:M 26 Nov 2018 03:33:17.085 * Calling fsync() on the AOF file.
1:M 26 Nov 2018 03:33:17.095 * Removing the pid file.
1:M 26 Nov 2018 03:33:17.103 # Redis is now ready to exit, bye bye...
1:C 26 Nov 2018 03:33:22.508 # oO0OoO0OoO0Oo Redis is starting oO0OoO0OoO0Oo
1:C 26 Nov 2018 03:33:22.508 # Redis version=5.0.1, bits=64, commit=00000000, modified=0, pid=1, just started
1:C 26 Nov 2018 03:33:22.508 # Configuration loaded
1:M 26 Nov 2018 03:33:22.521 * Running mode=standalone, port=6379.
1:M 26 Nov 2018 03:33:22.521 # WARNING: The TCP backlog setting of 511 cannot be enforced because /proc/sys/net/core/somaxconn is set to the lower value of 128.
1:M 26 Nov 2018 03:33:22.521 # Server initialized
1:M 26 Nov 2018 03:33:22.521 # WARNING overcommit_memory is set to 0! Background save may fail under low memory condition. To fix this issue add 'vm.overcommit_memory = 1' to /etc/sysctl.conf and then reboot or run the command 'sysctl vm.overcommit_memory=1' for this to take effect.
1:M 26 Nov 2018 03:33:22.521 # WARNING you have Transparent Huge Pages (THP) support enabled in your kernel. This will create latency and memory usage issues with Redis. To fix this issue run the command 'echo never > /sys/kernel/mm/transparent_hugepage/enabled' as root, and add it to your /etc/rc.local in order to retain the setting after a reboot. Redis must be restarted after THP is disabled.
1:M 26 Nov 2018 03:33:22.526 * DB loaded from append only file: 0.005 seconds
1:M 26 Nov 2018 03:33:22.526 * Ready to accept connections
1:signal-handler (1543203284) Received SIGTERM scheduling shutdown...
1:M 26 Nov 2018 03:34:44.608 # User requested shutdown...
1:M 26 Nov 2018 03:34:44.608 * Calling fsync() on the AOF file.
1:M 26 Nov 2018 03:34:44.608 * Removing the pid file.
1:M 26 Nov 2018 03:34:44.608 # Redis is now ready to exit, bye bye...
1:C 26 Nov 2018 03:34:46.944 # oO0OoO0OoO0Oo Redis is starting oO0OoO0OoO0Oo
1:C 26 Nov 2018 03:34:46.944 # Redis version=5.0.1, bits=64, commit=00000000, modified=0, pid=1, just started
1:C 26 Nov 2018 03:34:46.944 # Configuration loaded
1:M 26 Nov 2018 03:34:46.946 * Running mode=standalone, port=6379.
1:M 26 Nov 2018 03:34:46.946 # WARNING: The TCP backlog setting of 511 cannot be enforced because /proc/sys/net/core/somaxconn is set to the lower value of 128.
1:M 26 Nov 2018 03:34:46.946 # Server initialized
1:M 26 Nov 2018 03:34:46.946 # WARNING overcommit_memory is set to 0! Background save may fail under low memory condition. To fix this issue add 'vm.overcommit_memory = 1' to /etc/sysctl.conf and then reboot or run the command 'sysctl vm.overcommit_memory=1' for this to take effect.
1:M 26 Nov 2018 03:34:46.946 # WARNING you have Transparent Huge Pages (THP) support enabled in your kernel. This will create latency and memory usage issues with Redis. To fix this issue run the command 'echo never > /sys/kernel/mm/transparent_hugepage/enabled' as root, and add it to your /etc/rc.local in order to retain the setting after a reboot. Redis must be restarted after THP is disabled.
1:M 26 Nov 2018 03:34:46.946 * DB loaded from append only file: 0.000 seconds
1:M 26 Nov 2018 03:34:46.946 * Ready to accept connections
1:signal-handler (1543203367) Received SIGTERM scheduling shutdown...
1:M 26 Nov 2018 03:36:07.809 # User requested shutdown...
1:M 26 Nov 2018 03:36:07.809 * Calling fsync() on the AOF file.
1:M 26 Nov 2018 03:36:07.809 * Removing the pid file.
1:M 26 Nov 2018 03:36:07.809 # Redis is now ready to exit, bye bye...
1:C 26 Nov 2018 03:43:42.100 # oO0OoO0OoO0Oo Redis is starting oO0OoO0OoO0Oo
1:C 26 Nov 2018 03:43:42.100 # Redis version=5.0.1, bits=64, commit=00000000, modified=0, pid=1, just started
1:C 26 Nov 2018 03:43:42.100 # Configuration loaded
1:M 26 Nov 2018 03:43:42.103 * Running mode=standalone, port=6379.
1:M 26 Nov 2018 03:43:42.103 # WARNING: The TCP backlog setting of 511 cannot be enforced because /proc/sys/net/core/somaxconn is set to the lower value of 128.
1:M 26 Nov 2018 03:43:42.103 # Server initialized
1:M 26 Nov 2018 03:43:42.103 # WARNING overcommit_memory is set to 0! Background save may fail under low memory condition. To fix this issue add 'vm.overcommit_memory = 1' to /etc/sysctl.conf and then reboot or run the command 'sysctl vm.overcommit_memory=1' for this to take effect.
1:M 26 Nov 2018 03:43:42.103 # WARNING you have Transparent Huge Pages (THP) support enabled in your kernel. This will create latency and memory usage issues with Redis. To fix this issue run the command 'echo never > /sys/kernel/mm/transparent_hugepage/enabled' as root, and add it to your /etc/rc.local in order to retain the setting after a reboot. Redis must be restarted after THP is disabled.
1:M 26 Nov 2018 03:43:42.104 * DB loaded from append only file: 0.000 seconds
1:M 26 Nov 2018 03:43:42.104 * Ready to accept connections
1:signal-handler (1543205002) Received SIGTERM scheduling shutdown...
1:M 26 Nov 2018 04:03:22.442 # User requested shutdown...
1:M 26 Nov 2018 04:03:22.442 * Calling fsync() on the AOF file.
1:M 26 Nov 2018 04:03:22.442 * Removing the pid file.
1:M 26 Nov 2018 04:03:22.442 # Redis is now ready to exit, bye bye...
1:C 26 Nov 2018 04:03:25.027 # oO0OoO0OoO0Oo Redis is starting oO0OoO0OoO0Oo
1:C 26 Nov 2018 04:03:25.027 # Redis version=5.0.1, bits=64, commit=00000000, modified=0, pid=1, just started
1:C 26 Nov 2018 04:03:25.027 # Configuration loaded
1:M 26 Nov 2018 04:03:25.031 * Running mode=standalone, port=6379.
1:M 26 Nov 2018 04:03:25.031 # WARNING: The TCP backlog setting of 511 cannot be enforced because /proc/sys/net/core/somaxconn is set to the lower value of 128.
1:M 26 Nov 2018 04:03:25.031 # Server initialized
1:M 26 Nov 2018 04:03:25.032 # WARNING overcommit_memory is set to 0! Background save may fail under low memory condition. To fix this issue add 'vm.overcommit_memory = 1' to /etc/sysctl.conf and then reboot or run the command 'sysctl vm.overcommit_memory=1' for this to take effect.
1:M 26 Nov 2018 04:03:25.032 # WARNING you have Transparent Huge Pages (THP) support enabled in your kernel. This will create latency and memory usage issues with Redis. To fix this issue run the command 'echo never > /sys/kernel/mm/transparent_hugepage/enabled' as root, and add it to your /etc/rc.local in order to retain the setting after a reboot. Redis must be restarted after THP is disabled.
1:M 26 Nov 2018 04:03:25.032 * DB loaded from append only file: 0.000 seconds
1:M 26 Nov 2018 04:03:25.032 * Ready to accept connections
1:signal-handler (1543224054) Received SIGTERM scheduling shutdown...
1:M 26 Nov 2018 09:20:54.749 # User requested shutdown...
1:M 26 Nov 2018 09:20:54.759 * Calling fsync() on the AOF file.
1:M 26 Nov 2018 09:20:54.764 * Removing the pid file.
1:M 26 Nov 2018 09:20:54.764 # Redis is now ready to exit, bye bye...
1:C 26 Nov 2018 09:56:14.203 # oO0OoO0OoO0Oo Redis is starting oO0OoO0OoO0Oo
1:C 26 Nov 2018 09:56:14.203 # Redis version=5.0.1, bits=64, commit=00000000, modified=0, pid=1, just started
1:C 26 Nov 2018 09:56:14.203 # Configuration loaded
1:M 26 Nov 2018 09:56:14.206 * Running mode=standalone, port=6379.
1:M 26 Nov 2018 09:56:14.206 # WARNING: The TCP backlog setting of 511 cannot be enforced because /proc/sys/net/core/somaxconn is set to the lower value of 128.
1:M 26 Nov 2018 09:56:14.206 # Server initialized
1:M 26 Nov 2018 09:56:14.206 # WARNING overcommit_memory is set to 0! Background save may fail under low memory condition. To fix this issue add 'vm.overcommit_memory = 1' to /etc/sysctl.conf and then reboot or run the command 'sysctl vm.overcommit_memory=1' for this to take effect.
1:M 26 Nov 2018 09:56:14.206 # WARNING you have Transparent Huge Pages (THP) support enabled in your kernel. This will create latency and memory usage issues with Redis. To fix this issue run the command 'echo never > /sys/kernel/mm/transparent_hugepage/enabled' as root, and add it to your /etc/rc.local in order to retain the setting after a reboot. Redis must be restarted after THP is disabled.
1:M 26 Nov 2018 09:56:14.206 * DB loaded from append only file: 0.000 seconds
1:M 26 Nov 2018 09:56:14.206 * Ready to accept connections
1:signal-handler (1543226989) Received SIGTERM scheduling shutdown...
1:M 26 Nov 2018 10:09:49.953 # User requested shutdown...
1:M 26 Nov 2018 10:09:49.953 * Calling fsync() on the AOF file.
1:M 26 Nov 2018 10:09:49.954 * Removing the pid file.
1:M 26 Nov 2018 10:09:49.954 # Redis is now ready to exit, bye bye...
1:C 26 Nov 2018 10:09:53.769 # oO0OoO0OoO0Oo Redis is starting oO0OoO0OoO0Oo
1:C 26 Nov 2018 10:09:53.770 # Redis version=5.0.1, bits=64, commit=00000000, modified=0, pid=1, just started
1:C 26 Nov 2018 10:09:53.770 # Configuration loaded
1:M 26 Nov 2018 10:09:53.771 * Running mode=standalone, port=6379.
1:M 26 Nov 2018 10:09:53.771 # WARNING: The TCP backlog setting of 511 cannot be enforced because /proc/sys/net/core/somaxconn is set to the lower value of 128.
1:M 26 Nov 2018 10:09:53.771 # Server initialized
1:M 26 Nov 2018 10:09:53.771 # WARNING overcommit_memory is set to 0! Background save may fail under low memory condition. To fix this issue add 'vm.overcommit_memory = 1' to /etc/sysctl.conf and then reboot or run the command 'sysctl vm.overcommit_memory=1' for this to take effect.
1:M 26 Nov 2018 10:09:53.772 # WARNING you have Transparent Huge Pages (THP) support enabled in your kernel. This will create latency and memory usage issues with Redis. To fix this issue run the command 'echo never > /sys/kernel/mm/transparent_hugepage/enabled' as root, and add it to your /etc/rc.local in order to retain the setting after a reboot. Redis must be restarted after THP is disabled.
1:M 26 Nov 2018 10:09:53.772 * DB loaded from append only file: 0.000 seconds
1:M 26 Nov 2018 10:09:53.772 * Ready to accept connections
